QRCode/build/intermediates/manifest_merge_blame_file/release/manifest-merger-blame-release-report.txt
1<?xml version="1.0" encoding="utf-8"?>
2<manifest xmlns:android="http://schemas.android.com/apk/res/android"
3    package="io.github.g00fy2.quickie" >
4
5    <uses-sdk android:minSdkVersion="28" />
5-->src/main/AndroidManifest.xml
6
7    <uses-feature
7-->src/main/AndroidManifest.xml:4:5-6:35
8        android:name="android.hardware.camera"
8-->src/main/AndroidManifest.xml:5:9-47
9        android:required="false" />
9-->src/main/AndroidManifest.xml:6:9-33
10
11    <uses-permission android:name="android.permission.CAMERA" />
11-->src/main/AndroidManifest.xml:8:5-64
11-->src/main/AndroidManifest.xml:8:22-62
12
13    <application>
13-->src/main/AndroidManifest.xml:11:5-23:19
14        <activity
14-->src/main/AndroidManifest.xml:13:9-16:60
15            android:name="io.github.g00fy2.quickie.QRScannerActivity"
15-->src/main/AndroidManifest.xml:14:13-46
16            android:screenOrientation="behind"
16-->src/main/AndroidManifest.xml:15:13-47
17            android:theme="@style/QuickieScannerActivity" />
17-->src/main/AndroidManifest.xml:16:13-58
18
19        <meta-data
19-->src/main/AndroidManifest.xml:19:9-21:38
20            android:name="com.google.mlkit.vision.DEPENDENCIES"
20-->src/main/AndroidManifest.xml:20:13-64
21            android:value="barcode" />
21-->src/main/AndroidManifest.xml:21:13-36
22    </application>
23
24</manifest>